<?xml version="1.0" encoding="UTF-8"?>
<testsuite xmlns:xsi="http://www.w3.org/2001/XMLSchema-instance" xsi:noNamespaceSchemaLocation="https://maven.apache.org/surefire/maven-surefire-plugin/xsd/surefire-test-report.xsd" name="Test" time="0.083" tests="1" errors="0" skipped="0" failures="0">
  <properties>
    <property name="java.specification.version" value="16"/>
    <property name="sun.jnu.encoding" value="UTF-8"/>
    <property name="java.class.path" value="/home/neutron/IdeaProjects/cli/target/test-classes:/home/neutron/IdeaProjects/cli/target/classes:/home/neutron/.m2/repository/org/jetbrains/kotlin/kotlin-test-junit/1.5.31/kotlin-test-junit-1.5.31.jar:/home/neutron/.m2/repository/org/jetbrains/kotlin/kotlin-test/1.5.31/kotlin-test-1.5.31.jar:/home/neutron/.m2/repository/junit/junit/4.12/junit-4.12.jar:/home/neutron/.m2/repository/org/hamcrest/hamcrest-core/1.3/hamcrest-core-1.3.jar:/home/neutron/.m2/repository/org/jetbrains/kotlin/kotlin-stdlib-jdk8/1.5.31/kotlin-stdlib-jdk8-1.5.31.jar:/home/neutron/.m2/repository/org/jetbrains/kotlin/kotlin-stdlib/1.5.31/kotlin-stdlib-1.5.31.jar:/home/neutron/.m2/repository/org/jetbrains/annotations/13.0/annotations-13.0.jar:/home/neutron/.m2/repository/org/jetbrains/kotlin/kotlin-stdlib-common/1.5.31/kotlin-stdlib-common-1.5.31.jar:/home/neutron/.m2/repository/org/jetbrains/kotlin/kotlin-stdlib-jdk7/1.5.31/kotlin-stdlib-jdk7-1.5.31.jar:/home/neutron/.m2/repository/commons-cli/commons-cli/1.4/commons-cli-1.4.jar:/home/neutron/.m2/repository/org/apache/commons/commons-csv/1.9.0/commons-csv-1.9.0.jar:/home/neutron/.m2/repository/org/jetbrains/kotlinx/kotlinx-serialization-json/1.3.0/kotlinx-serialization-json-1.3.0.jar:/home/neutron/.m2/repository/org/jetbrains/kotlinx/kotlinx-serialization-json-jvm/1.3.0/kotlinx-serialization-json-jvm-1.3.0.jar:/home/neutron/.m2/repository/org/jetbrains/kotlinx/kotlinx-serialization-core-jvm/1.3.0/kotlinx-serialization-core-jvm-1.3.0.jar:"/>
    <property name="java.vm.vendor" value="Amazon.com Inc."/>
    <property name="sun.arch.data.model" value="64"/>
    <property name="java.vendor.url" value="https://aws.amazon.com/corretto/"/>
    <property name="os.name" value="Linux"/>
    <property name="java.vm.specification.version" value="16"/>
    <property name="sun.java.launcher" value="SUN_STANDARD"/>
    <property name="user.country" value="GB"/>
    <property name="sun.boot.library.path" value="/home/neutron/.jdks/corretto-16.0.2/lib"/>
    <property name="sun.java.command" value="/home/neutron/IdeaProjects/cli/target/surefire/surefirebooter16870440777608588451.jar /home/neutron/IdeaProjects/cli/target/surefire 2021-10-23T20-24-47_041-jvmRun1 surefire12427355155859807258tmp surefire_014757744459231781752tmp"/>
    <property name="jdk.debug" value="release"/>
    <property name="surefire.test.class.path" value="/home/neutron/IdeaProjects/cli/target/test-classes:/home/neutron/IdeaProjects/cli/target/classes:/home/neutron/.m2/repository/org/jetbrains/kotlin/kotlin-test-junit/1.5.31/kotlin-test-junit-1.5.31.jar:/home/neutron/.m2/repository/org/jetbrains/kotlin/kotlin-test/1.5.31/kotlin-test-1.5.31.jar:/home/neutron/.m2/repository/junit/junit/4.12/junit-4.12.jar:/home/neutron/.m2/repository/org/hamcrest/hamcrest-core/1.3/hamcrest-core-1.3.jar:/home/neutron/.m2/repository/org/jetbrains/kotlin/kotlin-stdlib-jdk8/1.5.31/kotlin-stdlib-jdk8-1.5.31.jar:/home/neutron/.m2/repository/org/jetbrains/kotlin/kotlin-stdlib/1.5.31/kotlin-stdlib-1.5.31.jar:/home/neutron/.m2/repository/org/jetbrains/annotations/13.0/annotations-13.0.jar:/home/neutron/.m2/repository/org/jetbrains/kotlin/kotlin-stdlib-common/1.5.31/kotlin-stdlib-common-1.5.31.jar:/home/neutron/.m2/repository/org/jetbrains/kotlin/kotlin-stdlib-jdk7/1.5.31/kotlin-stdlib-jdk7-1.5.31.jar:/home/neutron/.m2/repository/commons-cli/commons-cli/1.4/commons-cli-1.4.jar:/home/neutron/.m2/repository/org/apache/commons/commons-csv/1.9.0/commons-csv-1.9.0.jar:/home/neutron/.m2/repository/org/jetbrains/kotlinx/kotlinx-serialization-json/1.3.0/kotlinx-serialization-json-1.3.0.jar:/home/neutron/.m2/repository/org/jetbrains/kotlinx/kotlinx-serialization-json-jvm/1.3.0/kotlinx-serialization-json-jvm-1.3.0.jar:/home/neutron/.m2/repository/org/jetbrains/kotlinx/kotlinx-serialization-core-jvm/1.3.0/kotlinx-serialization-core-jvm-1.3.0.jar:"/>
    <property name="sun.cpu.endian" value="little"/>
    <property name="user.home" value="/home/neutron"/>
    <property name="user.language" value="en"/>
    <property name="java.specification.vendor" value="Oracle Corporation"/>
    <property name="java.version.date" value="2021-07-20"/>
    <property name="java.home" value="/home/neutron/.jdks/corretto-16.0.2"/>
    <property name="file.separator" value="/"/>
    <property name="basedir" value="/home/neutron/IdeaProjects/cli"/>
    <property name="java.vm.compressedOopsMode" value="32-bit"/>
    <property name="line.separator" value="&#10;"/>
    <property name="java.vm.specification.vendor" value="Oracle Corporation"/>
    <property name="java.specification.name" value="Java Platform API Specification"/>
    <property name="surefire.real.class.path" value="/home/neutron/IdeaProjects/cli/target/surefire/surefirebooter16870440777608588451.jar"/>
    <property name="sun.management.compiler" value="HotSpot 64-Bit Tiered Compilers"/>
    <property name="java.runtime.version" value="16.0.2+7"/>
    <property name="user.name" value="neutron"/>
    <property name="path.separator" value=":"/>
    <property name="os.version" value="5.14.12-zen1-1-zen"/>
    <property name="java.runtime.name" value="OpenJDK Runtime Environment"/>
    <property name="file.encoding" value="UTF-8"/>
    <property name="java.vm.name" value="OpenJDK 64-Bit Server VM"/>
    <property name="java.vendor.version" value="Corretto-16.0.2.7.1"/>
    <property name="localRepository" value="/home/neutron/.m2/repository"/>
    <property name="java.vendor.url.bug" value="https://github.com/corretto/corretto-jdk/issues/"/>
    <property name="java.io.tmpdir" value="/tmp"/>
    <property name="idea.version" value="2021.2.3"/>
    <property name="java.version" value="16.0.2"/>
    <property name="user.dir" value="/home/neutron/IdeaProjects/cli"/>
    <property name="os.arch" value="amd64"/>
    <property name="java.vm.specification.name" value="Java Virtual Machine Specification"/>
    <property name="java.library.path" value="/usr/java/packages/lib:/usr/lib64:/lib64:/lib:/usr/lib"/>
    <property name="java.vm.info" value="mixed mode, sharing"/>
    <property name="java.vendor" value="Amazon.com Inc."/>
    <property name="java.vm.version" value="16.0.2+7"/>
    <property name="sun.io.unicode.encoding" value="UnicodeLittle"/>
    <property name="java.class.version" value="60.0"/>
  </properties>
  <testcase name="test" classname="Test" time="0.002"/>
</testsuite>